<?xml version="1.0" encoding="UTF-8"?>
<testng-results ignored="0" total="3" passed="3" failed="0" skipped="0">
  <reporter-output>
  </reporter-output>
  <suite started-at="2025-06-12T11:56:33 IST" name="Default Suite" finished-at="2025-06-12T11:57:41 IST" duration-ms="68243">
    <groups>
      <group name="cucumber">
        <method signature="AbstractTestNGCucumberTests.runScenario(io.cucumber.testng.PickleWrapper,io.cucumber.testng.FeatureWrapper)[pri:0, instance:Test.Runner@1190200a]" name="runScenario" class="io.cucumber.testng.AbstractTestNGCucumberTests"/>
      </group> <!-- cucumber -->
    </groups>
    <test started-at="2025-06-12T11:56:33 IST" name="SimpleClinic" finished-at="2025-06-12T11:57:41 IST" duration-ms="68243">
      <class name="Test.Runner">
        <test-method is-config="true" signature="setUpClass(org.testng.ITestContext)[pri:0, instance:Test.Runner@1190200a]" started-at="2025-06-12T11:56:33 IST" name="setUpClass" finished-at="2025-06-12T11:56:33 IST" duration-ms="507" status="PASS">
          <params>
            <param index="0">
              <value>
                <![CDATA[org.testng.TestRunner@733534f9]]>
              </value>
            </param>
          </params>
          <reporter-output>
          </reporter-output>
        </test-method> <!-- setUpClass -->
        <test-method signature="runScenario(io.cucumber.testng.PickleWrapper,io.cucumber.testng.FeatureWrapper)[pri:0, instance:Test.Runner@1190200a]" started-at="2025-06-12T11:56:33 IST" name="runScenario" description="Runs Cucumber Scenarios" data-provider="scenarios" finished-at="2025-06-12T11:56:55 IST" duration-ms="21071" status="PASS">
          <params>
            <param index="0">
              <value>
                <![CDATA["Navigate Home Screen"]]>
              </value>
            </param>
            <param index="1">
              <value>
                <![CDATA["Simple Clinic App Flow"]]>
              </value>
            </param>
          </params>
          <reporter-output>
          </reporter-output>
        </test-method> <!-- runScenario -->
        <test-method signature="runScenario(io.cucumber.testng.PickleWrapper,io.cucumber.testng.FeatureWrapper)[pri:0, instance:Test.Runner@1190200a]" started-at="2025-06-12T11:56:55 IST" name="runScenario" description="Runs Cucumber Scenarios" data-provider="scenarios" finished-at="2025-06-12T11:57:05 IST" duration-ms="10749" status="PASS">
          <params>
            <param index="0">
              <value>
                <![CDATA["User successfully logs in"]]>
              </value>
            </param>
            <param index="1">
              <value>
                <![CDATA["Simple Clinic App Flow"]]>
              </value>
            </param>
          </params>
          <reporter-output>
          </reporter-output>
        </test-method> <!-- runScenario -->
        <test-method signature="runScenario(io.cucumber.testng.PickleWrapper,io.cucumber.testng.FeatureWrapper)[pri:0, instance:Test.Runner@1190200a]" started-at="2025-06-12T11:57:05 IST" name="runScenario" description="Runs Cucumber Scenarios" data-provider="scenarios" finished-at="2025-06-12T11:57:41 IST" duration-ms="35786" status="PASS">
          <params>
            <param index="0">
              <value>
                <![CDATA["Register patient using Excel"]]>
              </value>
            </param>
            <param index="1">
              <value>
                <![CDATA["Simple Clinic App Flow"]]>
              </value>
            </param>
          </params>
          <reporter-output>
          </reporter-output>
        </test-method> <!-- runScenario -->
        <test-method is-config="true" signature="tearDownClass()[pri:0, instance:Test.Runner@1190200a]" started-at="2025-06-12T11:57:41 IST" name="tearDownClass" finished-at="2025-06-12T11:57:41 IST" duration-ms="96" status="PASS">
          <reporter-output>
          </reporter-output>
        </test-method> <!-- tearDownClass -->
      </class> <!-- Test.Runner -->
    </test> <!-- SimpleClinic -->
  </suite> <!-- Default Suite -->
</testng-results>
